capMedicine/app/build/intermediates/manifest_merge_blame_file/debug/manifest-merger-blame-debug-report.txt
1<?xml version="1.0" encoding="utf-8"?>
2<manifest xmlns:android="http://schemas.android.com/apk/res/android"
3    package="com.khlafawi.capmedicine"
4    android:versionCode="1"
5    android:versionName="1.0" >
6
7    <uses-sdk
8        android:minSdkVersion="16"
8-->src\main\AndroidManifest.xml
9        android:targetSdkVersion="29" />
9-->src\main\AndroidManifest.xml
10
11    <uses-permission android:name="android.permission.ACCESS_NETWORK_STATE" />
11-->src\main\AndroidManifest.xml:54:5-79
11-->src\main\AndroidManifest.xml:54:22-76
12    <uses-permission android:name="android.permission.INTERNET" />
12-->src\main\AndroidManifest.xml:55:5-67
12-->src\main\AndroidManifest.xml:55:22-64
13    <uses-permission android:name="android.permission.ACCESS_WIFI_STATE" />
13-->src\main\AndroidManifest.xml:56:5-76
13-->src\main\AndroidManifest.xml:56:22-73
14    <uses-permission android:name="android.permission.RECEIVE_BOOT_COMPLETED" />
14-->src\main\AndroidManifest.xml:57:5-81
14-->src\main\AndroidManifest.xml:57:22-78
15    <uses-permission android:name="android.permission.READ_PHONE_STATE" />
15-->src\main\AndroidManifest.xml:58:5-75
15-->src\main\AndroidManifest.xml:58:22-72
16    <uses-permission android:name="android.permission.ACCESS_COARSE_LOCATION" />
16-->src\main\AndroidManifest.xml:59:5-81
16-->src\main\AndroidManifest.xml:59:22-78
17    <uses-permission android:name="android.permission.ACCESS_FINE_LOCATION" />
17-->src\main\AndroidManifest.xml:60:5-79
17-->src\main\AndroidManifest.xml:60:22-76
18    <uses-permission android:name="android.permission.WAKE_LOCK" />
18-->src\main\AndroidManifest.xml:61:5-68
18-->src\main\AndroidManifest.xml:61:22-65
19    <uses-permission android:name="android.permission.FOREGROUND_SERVICE" />
19-->src\main\AndroidManifest.xml:63:5-77
19-->src\main\AndroidManifest.xml:63:22-74
20    <!-- Required by older versions of Google Play services to create IID tokens -->
21    <uses-permission android:name="com.google.android.c2dm.permission.RECEIVE" />
21-->[com.google.firebase:firebase-iid:19.0.0] AndroidManifest.xml:26:5-82
21-->[com.google.firebase:firebase-iid:19.0.0] AndroidManifest.xml:26:22-79
22    <uses-permission android:name="com.google.android.finsky.permission.BIND_GET_INSTALL_REFERRER_SERVICE" />
22-->[com.google.android.gms:play-services-measurement:17.2.1] AndroidManifest.xml:26:5-110
22-->[com.google.android.gms:play-services-measurement:17.2.1] AndroidManifest.xml:26:22-107
23
24    <application
24-->src\main\AndroidManifest.xml:6:5-52:19
25        android:name="pref.MyApp"
25-->src\main\AndroidManifest.xml:7:9-34
26        android:allowBackup="true"
26-->src\main\AndroidManifest.xml:8:9-35
27        android:appComponentFactory="androidx.core.app.CoreComponentFactory"
27-->[androidx.core:core:1.1.0] AndroidManifest.xml:24:18-86
28        android:debuggable="true"
29        android:icon="@mipmap/ic_launcher"
29-->src\main\AndroidManifest.xml:9:9-43
30        android:label="@string/app_name"
30-->src\main\AndroidManifest.xml:10:9-41
31        android:roundIcon="@mipmap/ic_launcher_round"
31-->src\main\AndroidManifest.xml:11:9-54
32        android:supportsRtl="true"
32-->src\main\AndroidManifest.xml:12:9-35
33        android:theme="@style/AppTheme"
33-->src\main\AndroidManifest.xml:13:9-40
34        android:usesCleartextTraffic="true" >
34-->src\main\AndroidManifest.xml:14:9-44
35        <activity
35-->src\main\AndroidManifest.xml:17:9-25:20
36            android:name="com.khlafawi.capmedicine.LauncherActivity"
36-->src\main\AndroidManifest.xml:18:13-45
37            android:theme="@style/Theme.AppCompat.DayNight.NoActionBar" >
37-->src\main\AndroidManifest.xml:19:13-72
38            <intent-filter>
38-->src\main\AndroidManifest.xml:20:13-24:29
39                <action android:name="android.intent.action.MAIN" />
39-->src\main\AndroidManifest.xml:21:17-69
39-->src\main\AndroidManifest.xml:21:25-66
40
41                <category android:name="android.intent.category.LAUNCHER" />
41-->src\main\AndroidManifest.xml:23:17-77
41-->src\main\AndroidManifest.xml:23:27-74
42            </intent-filter>
43        </activity>
44        <activity
44-->src\main\AndroidManifest.xml:27:9-30:63
45            android:name="com.khlafawi.capmedicine.LoginActivity"
45-->src\main\AndroidManifest.xml:28:13-42
46            android:screenOrientation="landscape"
46-->src\main\AndroidManifest.xml:29:13-50
47            android:windowSoftInputMode="stateAlwaysHidden" />
47-->src\main\AndroidManifest.xml:30:13-60
48        <activity android:name="com.khlafawi.capmedicine.MainActivity" />
48-->src\main\AndroidManifest.xml:32:9-50
48-->src\main\AndroidManifest.xml:32:19-47
49        <activity android:name="com.khlafawi.capmedicine.InformingActivity" />
49-->src\main\AndroidManifest.xml:34:9-55
49-->src\main\AndroidManifest.xml:34:19-52
50
51        <receiver
51-->src\main\AndroidManifest.xml:36:9-44:20
52            android:name="com.khlafawi.capmedicine.Restarter"
52-->src\main\AndroidManifest.xml:37:13-37
53            android:enabled="true"
53-->src\main\AndroidManifest.xml:38:13-35
54            android:exported="true" >
54-->src\main\AndroidManifest.xml:39:13-36
55            <intent-filter>
55-->src\main\AndroidManifest.xml:41:13-43:29
56                <action android:name="cap.medicine.restart.service" />
56-->src\main\AndroidManifest.xml:42:17-71
56-->src\main\AndroidManifest.xml:42:25-68
57            </intent-filter>
58        </receiver>
59
60        <service android:name="com.khlafawi.capmedicine.SoundService" />
60-->src\main\AndroidManifest.xml:46:9-49
60-->src\main\AndroidManifest.xml:46:18-46
61        <service
61-->src\main\AndroidManifest.xml:47:9-51:48
62            android:name="com.khlafawi.capmedicine.ScheduledService"
62-->src\main\AndroidManifest.xml:48:13-45
63            android:enabled="true"
63-->src\main\AndroidManifest.xml:49:13-35
64            android:icon="@mipmap/ic_launcher_round"
64-->src\main\AndroidManifest.xml:50:13-53
65            android:label="@string/app_name" />
65-->src\main\AndroidManifest.xml:51:13-45
66        <service
66-->[com.google.firebase:firebase-database:19.2.0] AndroidManifest.xml:29:9-35:19
67            android:name="com.google.firebase.components.ComponentDiscoveryService"
67-->[com.google.firebase:firebase-database:19.2.0] AndroidManifest.xml:30:13-84
68            android:directBootAware="true"
68-->[com.google.firebase:firebase-common:19.2.0] AndroidManifest.xml:15:13-43
69            android:exported="false" >
69-->[com.google.firebase:firebase-database:19.2.0] AndroidManifest.xml:31:13-37
70            <meta-data
70-->[com.google.firebase:firebase-database:19.2.0] AndroidManifest.xml:32:13-34:85
71                android:name="com.google.firebase.components:com.google.firebase.database.DatabaseRegistrar"
71-->[com.google.firebase:firebase-database:19.2.0] AndroidManifest.xml:33:17-109
72                android:value="com.google.firebase.components.ComponentRegistrar" />
72-->[com.google.firebase:firebase-database:19.2.0] AndroidManifest.xml:34:17-82
73            <meta-data
73-->[com.google.android.gms:play-services-measurement-api:17.2.1] AndroidManifest.xml:30:13-32:85
74                android:name="com.google.firebase.components:com.google.firebase.analytics.connector.internal.AnalyticsConnectorRegistrar"
74-->[com.google.android.gms:play-services-measurement-api:17.2.1] AndroidManifest.xml:31:17-139
75                android:value="com.google.firebase.components.ComponentRegistrar" />
75-->[com.google.android.gms:play-services-measurement-api:17.2.1] AndroidManifest.xml:32:17-82
76            <meta-data
76-->[com.google.firebase:firebase-iid:19.0.0] AndroidManifest.xml:32:13-34:85
77                android:name="com.google.firebase.components:com.google.firebase.iid.Registrar"
77-->[com.google.firebase:firebase-iid:19.0.0] AndroidManifest.xml:33:17-96
78                android:value="com.google.firebase.components.ComponentRegistrar" />
78-->[com.google.firebase:firebase-iid:19.0.0] AndroidManifest.xml:34:17-82
79        </service>
80
81        <provider
81-->[com.squareup.picasso:picasso:2.71828] AndroidManifest.xml:8:9-11:40
82            android:name="com.squareup.picasso.PicassoProvider"
82-->[com.squareup.picasso:picasso:2.71828] AndroidManifest.xml:9:13-64
83            android:authorities="com.khlafawi.capmedicine.com.squareup.picasso"
83-->[com.squareup.picasso:picasso:2.71828] AndroidManifest.xml:10:13-72
84            android:exported="false" />
84-->[com.squareup.picasso:picasso:2.71828] AndroidManifest.xml:11:13-37
85
86        <receiver
86-->[com.google.firebase:firebase-iid:19.0.0] AndroidManifest.xml:37:9-44:20
87            android:name="com.google.firebase.iid.FirebaseInstanceIdReceiver"
87-->[com.google.firebase:firebase-iid:19.0.0] AndroidManifest.xml:38:13-78
88            android:exported="true"
88-->[com.google.firebase:firebase-iid:19.0.0] AndroidManifest.xml:39:13-36
89            android:permission="com.google.android.c2dm.permission.SEND" >
89-->[com.google.firebase:firebase-iid:19.0.0] AndroidManifest.xml:40:13-73
90            <intent-filter>
90-->[com.google.firebase:firebase-iid:19.0.0] AndroidManifest.xml:41:13-43:29
91                <action android:name="com.google.android.c2dm.intent.RECEIVE" />
91-->[com.google.firebase:firebase-iid:19.0.0] AndroidManifest.xml:42:17-81
91-->[com.google.firebase:firebase-iid:19.0.0] AndroidManifest.xml:42:25-78
92            </intent-filter>
93        </receiver>
94
95        <activity
95-->[com.google.android.gms:play-services-base:17.0.0] AndroidManifest.xml:23:9-26:75
96            android:name="com.google.android.gms.common.api.GoogleApiActivity"
96-->[com.google.android.gms:play-services-base:17.0.0] AndroidManifest.xml:24:13-79
97            android:exported="false"
97-->[com.google.android.gms:play-services-base:17.0.0] AndroidManifest.xml:25:13-37
98            android:theme="@android:style/Theme.Translucent.NoTitleBar" />
98-->[com.google.android.gms:play-services-base:17.0.0] AndroidManifest.xml:26:13-72
99
100        <receiver
100-->[com.google.android.gms:play-services-measurement:17.2.1] AndroidManifest.xml:29:9-33:20
101            android:name="com.google.android.gms.measurement.AppMeasurementReceiver"
101-->[com.google.android.gms:play-services-measurement:17.2.1] AndroidManifest.xml:30:13-85
102            android:enabled="true"
102-->[com.google.android.gms:play-services-measurement:17.2.1] AndroidManifest.xml:31:13-35
103            android:exported="false" >
103-->[com.google.android.gms:play-services-measurement:17.2.1] AndroidManifest.xml:32:13-37
104        </receiver>
105        <receiver
105-->[com.google.android.gms:play-services-measurement:17.2.1] AndroidManifest.xml:34:9-42:20
106            android:name="com.google.android.gms.measurement.AppMeasurementInstallReferrerReceiver"
106-->[com.google.android.gms:play-services-measurement:17.2.1] AndroidManifest.xml:35:13-100
107            android:enabled="true"
107-->[com.google.android.gms:play-services-measurement:17.2.1] AndroidManifest.xml:36:13-35
108            android:exported="true"
108-->[com.google.android.gms:play-services-measurement:17.2.1] AndroidManifest.xml:37:13-36
109            android:permission="android.permission.INSTALL_PACKAGES" >
109-->[com.google.android.gms:play-services-measurement:17.2.1] AndroidManifest.xml:38:13-69
110            <intent-filter>
110-->[com.google.android.gms:play-services-measurement:17.2.1] AndroidManifest.xml:39:13-41:29
111                <action android:name="com.android.vending.INSTALL_REFERRER" />
111-->[com.google.android.gms:play-services-measurement:17.2.1] AndroidManifest.xml:40:17-79
111-->[com.google.android.gms:play-services-measurement:17.2.1] AndroidManifest.xml:40:25-76
112            </intent-filter>
113        </receiver>
114
115        <service
115-->[com.google.android.gms:play-services-measurement:17.2.1] AndroidManifest.xml:44:9-47:40
116            android:name="com.google.android.gms.measurement.AppMeasurementService"
116-->[com.google.android.gms:play-services-measurement:17.2.1] AndroidManifest.xml:45:13-84
117            android:enabled="true"
117-->[com.google.android.gms:play-services-measurement:17.2.1] AndroidManifest.xml:46:13-35
118            android:exported="false" />
118-->[com.google.android.gms:play-services-measurement:17.2.1] AndroidManifest.xml:47:13-37
119        <service
119-->[com.google.android.gms:play-services-measurement:17.2.1] AndroidManifest.xml:48:9-52:72
120            android:name="com.google.android.gms.measurement.AppMeasurementJobService"
120-->[com.google.android.gms:play-services-measurement:17.2.1] AndroidManifest.xml:49:13-87
121            android:enabled="true"
121-->[com.google.android.gms:play-services-measurement:17.2.1] AndroidManifest.xml:50:13-35
122            android:exported="false"
122-->[com.google.android.gms:play-services-measurement:17.2.1] AndroidManifest.xml:51:13-37
123            android:permission="android.permission.BIND_JOB_SERVICE" />
123-->[com.google.android.gms:play-services-measurement:17.2.1] AndroidManifest.xml:52:13-69
124
125        <provider
125-->[com.google.firebase:firebase-common:19.2.0] AndroidManifest.xml:19:9-23:39
126            android:name="com.google.firebase.provider.FirebaseInitProvider"
126-->[com.google.firebase:firebase-common:19.2.0] AndroidManifest.xml:20:13-77
127            android:authorities="com.khlafawi.capmedicine.firebaseinitprovider"
127-->[com.google.firebase:firebase-common:19.2.0] AndroidManifest.xml:21:13-72
128            android:exported="false"
128-->[com.google.firebase:firebase-common:19.2.0] AndroidManifest.xml:22:13-37
129            android:initOrder="100" />
129-->[com.google.firebase:firebase-common:19.2.0] AndroidManifest.xml:23:13-36
130
131        <meta-data
131-->[com.google.android.gms:play-services-basement:17.0.0] AndroidManifest.xml:23:9-25:69
132            android:name="com.google.android.gms.version"
132-->[com.google.android.gms:play-services-basement:17.0.0] AndroidManifest.xml:24:13-58
133            android:value="@integer/google_play_services_version" />
133-->[com.google.android.gms:play-services-basement:17.0.0] AndroidManifest.xml:25:13-66
134    </application>
135
136</manifest>